Using pre-set license
Built from '2020.2/staging' branch; Version is '2020.2.7f1 (c53830e277f1) revision 12924976'; Using compiler version '192528614'; Build Type 'Release'
OS: 'Windows 10 Pro; OS build 19045.4291; Version 2009; 64bit' Language: 'en' Physical Memory: 7599 MB
BatchMode: 1, IsHumanControllingUs: 0, StartBugReporterOnCrash: 0, Is64bit: 1, IsPro: 0

 COMMAND LINE ARGUMENTS:
C:\Program Files\Unity\Hub\Editor\2020.2.7f1\Editor\Unity.exe
-adb2
-batchMode
-noUpm
-name
AssetImportWorker0
-projectPath
F:/DaiHoc/HK2_IV/TTLTG/pong-game
-logFile
Logs/AssetImportWorker0.log
-srvPort
63189
Successfully changed project path to: F:/DaiHoc/HK2_IV/TTLTG/pong-game
F:/DaiHoc/HK2_IV/TTLTG/pong-game
Using Asset Import Pipeline V2.
Refreshing native plugins compatible for Editor in 25.40 ms, found 0 plugins.
Preloading 0 native plugins for Editor in 0.00 ms.
Initialize engine version: 2020.2.7f1 (c53830e277f1)
[Subsystems] Discovering subsystems at path C:/Program Files/Unity/Hub/Editor/2020.2.7f1/Editor/Data/Resources/UnitySubsystems
[Subsystems] Discovering subsystems at path F:/DaiHoc/HK2_IV/TTLTG/pong-game/Assets
GfxDevice: creating device client; threaded=0
Direct3D:
    Version:  Direct3D 11.0 [level 11.1]
    Renderer: NVIDIA GeForce GTX 1650 Ti (ID=0x1f95)
    Vendor:   
    VRAM:     3962 MB
    Driver:   31.0.15.1640
Initialize mono
Mono path[0] = 'C:/Program Files/Unity/Hub/Editor/2020.2.7f1/Editor/Data/Managed'
Mono path[1] = 'C:/Program Files/Unity/Hub/Editor/2020.2.7f1/Editor/Data/MonoBleedingEdge/lib/mono/unityjit'
Mono config path = 'C:/Program Files/Unity/Hub/Editor/2020.2.7f1/Editor/Data/MonoBleedingEdge/etc'
Using monoOptions --debugger-agent=transport=dt_socket,embedding=1,server=y,suspend=n,address=127.0.0.1:56324
Begin MonoManager ReloadAssembly
Registering precompiled unity dll's ...
Register platform support module: C:/Program Files/Unity/Hub/Editor/2020.2.7f1/Editor/Data/PlaybackEngines/WindowsStandaloneSupport/UnityEditor.WindowsStandalone.Extensions.dll
Registered in 0.001834 seconds.
Native extension for WindowsStandalone target not found
Refreshing native plugins compatible for Editor in 24.85 ms, found 0 plugins.
Preloading 0 native plugins for Editor in 0.00 ms.
Invoked RoslynAnalysisRunner static constructor.
RoslynAnalysisRunner will not be running.
RoslynAnalysisRunner has terminated.
Mono: successfully reloaded assembly
- Completed reload, in  1.236 seconds
Platform modules already initialized, skipping
Registering precompiled user dll's ...
Registered in 0.000856 seconds.
Begin MonoManager ReloadAssembly
Native extension for WindowsStandalone target not found
Refreshing native plugins compatible for Editor in 0.37 ms, found 0 plugins.
Preloading 0 native plugins for Editor in 0.00 ms.
Invoked RoslynAnalysisRunner static constructor.
RoslynAnalysisRunner will not be running.
RoslynAnalysisRunner has terminated.
Mono: successfully reloaded assembly
- Completed reload, in  0.904 seconds
Platform modules already initialized, skipping
========================================================================
Worker process is ready to serve import requests
Launched and connected shader compiler UnityShaderCompiler.exe after 0.07 seconds
Refreshing native plugins compatible for Editor in 0.37 ms, found 0 plugins.
Preloading 0 native plugins for Editor in 0.00 ms.
Unloading 1193 Unused Serialized files (Serialized files now loaded: 0)
System memory in use before: 59.2 MB.
System memory in use after: 59.2 MB.

Unloading 13 unused Assets to reduce memory usage. Loaded Objects now: 1638.
Total: 2.715600 ms (FindLiveObjects: 0.271900 ms CreateObjectMapping: 0.055300 ms MarkObjects: 2.292200 ms  DeleteObjects: 0.093400 ms)

========================================================================
Received Import Request.
  path: Assets/Audio/bat_hit_ball.wav
  artifactKey: Guid(8c9512ee340e4714cac04977cc5d669c) Importer(815301076,1909f56bfc062723c751e8b465ee728b)
Start importing Assets/Audio/bat_hit_ball.wav using Guid(8c9512ee340e4714cac04977cc5d669c) Importer(815301076,1909f56bfc062723c751e8b465ee728b)  -> (artifact id: '96167e65f2d39210bc71b4da128fd373') in 0.214726 seconds
  Import took 0.218943 seconds .

========================================================================
Received Import Request.
  Time since last request: 0.000242 seconds.
  path: Assets/Audio/Mixer.mixer
  artifactKey: Guid(4af427d570b68324bbaf757e4bf4050c) Importer(815301076,1909f56bfc062723c751e8b465ee728b)
Start importing Assets/Audio/Mixer.mixer using Guid(4af427d570b68324bbaf757e4bf4050c) Importer(815301076,1909f56bfc062723c751e8b465ee728b)  -> (artifact id: '7caacc860d2169cfda4cdd0e7f0e4a8e') in 0.016091 seconds
  Import took 0.019570 seconds .

========================================================================
Received Import Request.
  Time since last request: 0.000620 seconds.
  path: Assets/Audio/cheer.wav
  artifactKey: Guid(f62c808bc914dda4e97c3cf1220346d5) Importer(815301076,1909f56bfc062723c751e8b465ee728b)
Start importing Assets/Audio/cheer.wav using Guid(f62c808bc914dda4e97c3cf1220346d5) Importer(815301076,1909f56bfc062723c751e8b465ee728b)  -> (artifact id: 'f1ade4854c0d66d7285c42748eee9ee6') in 0.015072 seconds
  Import took 0.018109 seconds .

========================================================================
Received Import Request.
  Time since last request: 0.879624 seconds.
  path: Assets/Fonts/ITCKRIST.TTF
  artifactKey: Guid(542b2659373b3214c93b8e06b7622988) Importer(815301076,1909f56bfc062723c751e8b465ee728b)
Start importing Assets/Fonts/ITCKRIST.TTF using Guid(542b2659373b3214c93b8e06b7622988) Importer(815301076,1909f56bfc062723c751e8b465ee728b)  -> (artifact id: '653302359f2720ded4c4d4b22e0a6c57') in 0.095471 seconds
  Import took 0.100069 seconds .

========================================================================
Received Import Request.
  Time since last request: 1.801328 seconds.
  path: Assets/Physics/BallPhysics.physicsMaterial2D
  artifactKey: Guid(fba2890279e7987449dab7c787371207) Importer(815301076,1909f56bfc062723c751e8b465ee728b)
Start importing Assets/Physics/BallPhysics.physicsMaterial2D using Guid(fba2890279e7987449dab7c787371207) Importer(815301076,1909f56bfc062723c751e8b465ee728b)  -> (artifact id: 'eea3e0f6c2bae8d663e857921ad1fd7c') in 0.022881 seconds
  Import took 0.027002 seconds .

========================================================================
Received Prepare
Refreshing native plugins compatible for Editor in 1.30 ms, found 0 plugins.
Preloading 0 native plugins for Editor in 0.00 ms.
Unloading 2 Unused Serialized files (Serialized files now loaded: 0)
System memory in use before: 39.1 MB.
System memory in use after: 39.2 MB.

Unloading 2 unused Assets to reduce memory usage. Loaded Objects now: 1684.
Total: 4.456200 ms (FindLiveObjects: 0.404200 ms CreateObjectMapping: 0.047400 ms MarkObjects: 3.987100 ms  DeleteObjects: 0.015600 ms)

========================================================================
Received Import Request.
  Time since last request: 24.468057 seconds.
  path: Assets/Sprites/Ball.png
  artifactKey: Guid(d20e0ed023c3def418c59009869ca9bb) Importer(815301076,1909f56bfc062723c751e8b465ee728b)
Start importing Assets/Sprites/Ball.png using Guid(d20e0ed023c3def418c59009869ca9bb) Importer(815301076,1909f56bfc062723c751e8b465ee728b)  -> (artifact id: 'dccbe4f99bf612ef9ac9c8a05a27a5a7') in 0.064145 seconds
  Import took 0.068786 seconds .

========================================================================
Received Import Request.
  Time since last request: 0.000312 seconds.
  path: Assets/Sprites/Wall.png
  artifactKey: Guid(b9e49bb2d60956d4ba74ee2124652f3b) Importer(815301076,1909f56bfc062723c751e8b465ee728b)
Start importing Assets/Sprites/Wall.png using Guid(b9e49bb2d60956d4ba74ee2124652f3b) Importer(815301076,1909f56bfc062723c751e8b465ee728b)  -> (artifact id: '2e0d6143d529e022e893cfec199ebd20') in 0.018182 seconds
  Import took 0.021672 seconds .

========================================================================
Received Import Request.
  Time since last request: 0.000375 seconds.
  path: Assets/Sprites/WallColor.mat
  artifactKey: Guid(241a2580e2fd4214a966c4a235f75fb9) Importer(815301076,1909f56bfc062723c751e8b465ee728b)
Start importing Assets/Sprites/WallColor.mat using Guid(241a2580e2fd4214a966c4a235f75fb9) Importer(815301076,1909f56bfc062723c751e8b465ee728b)  -> (artifact id: 'fc1482361d6a415961c05343b9cadba3') in 0.061954 seconds
  Import took 0.065717 seconds .

========================================================================
Received Import Request.
  Time since last request: 0.000436 seconds.
  path: Assets/Sprites/wp7347036.jpg
  artifactKey: Guid(23eafdcef3d2d284d811d2f227532e0b) Importer(815301076,1909f56bfc062723c751e8b465ee728b)
Start importing Assets/Sprites/wp7347036.jpg using Guid(23eafdcef3d2d284d811d2f227532e0b) Importer(815301076,1909f56bfc062723c751e8b465ee728b)  -> (artifact id: '7e585b1590a7e8cf857fbf9c15cb5c06') in 0.028809 seconds
  Import took 0.031592 seconds .

========================================================================
Received Import Request.
  Time since last request: 0.822168 seconds.
  path: Packages/com.unity.2d.sprite/package.json
  artifactKey: Guid(7dc5f1e5d04ac8549ac21802071e983b) Importer(815301076,1909f56bfc062723c751e8b465ee728b)
Start importing Packages/com.unity.2d.sprite/package.json using Guid(7dc5f1e5d04ac8549ac21802071e983b) Importer(815301076,1909f56bfc062723c751e8b465ee728b)  -> (artifact id: 'e741214e1fdadfa8f30ba0fae53b29bd') in 0.034517 seconds
  Import took 0.038479 seconds .

========================================================================
Received Import Request.
  Time since last request: 0.387703 seconds.
  path: Packages/com.unity.2d.tilemap/package.json
  artifactKey: Guid(51797d68d3132bb419217a229e09fc47) Importer(815301076,1909f56bfc062723c751e8b465ee728b)
Start importing Packages/com.unity.2d.tilemap/package.json using Guid(51797d68d3132bb419217a229e09fc47) Importer(815301076,1909f56bfc062723c751e8b465ee728b)  -> (artifact id: '1ffd9dc70cf13aade9352daa6079021e') in 0.004256 seconds
  Import took 0.009012 seconds .

========================================================================
Received Import Request.
  Time since last request: 0.183888 seconds.
  path: Packages/com.unity.ext.nunit/package.json
  artifactKey: Guid(8143d3a8390f2c64685e3bc272bd9e90) Importer(815301076,1909f56bfc062723c751e8b465ee728b)
Start importing Packages/com.unity.ext.nunit/package.json using Guid(8143d3a8390f2c64685e3bc272bd9e90) Importer(815301076,1909f56bfc062723c751e8b465ee728b)  -> (artifact id: 'da32f43b00c1f12abcf242ca0bef9dd8') in 0.003349 seconds
  Import took 0.007281 seconds .

========================================================================
Received Import Request.
  Time since last request: 0.191668 seconds.
  path: Packages/com.unity.ide.rider/package.json
  artifactKey: Guid(66c95bb3c74257f41bae2622511dc02d) Importer(815301076,1909f56bfc062723c751e8b465ee728b)
Start importing Packages/com.unity.ide.rider/package.json using Guid(66c95bb3c74257f41bae2622511dc02d) Importer(815301076,1909f56bfc062723c751e8b465ee728b)  -> (artifact id: '233108767b2f995a541ddee7a7b40030') in 0.003263 seconds
  Import took 0.005730 seconds .

========================================================================
Received Import Request.
  Time since last request: 14.042269 seconds.
  path: Assets/Scenes
  artifactKey: Guid(8c10433988b628d46b7f853df348f2e5) Importer(815301076,1909f56bfc062723c751e8b465ee728b)
Start importing Assets/Scenes using Guid(8c10433988b628d46b7f853df348f2e5) Importer(815301076,1909f56bfc062723c751e8b465ee728b)  -> (artifact id: '5ffe0cbcccdaa10922b42b4857ff28fd') in 0.008107 seconds
  Import took 0.012093 seconds .

========================================================================
Received Import Request.
  Time since last request: 8.767995 seconds.
  path: Assets/Scenes/Menu.unity
  artifactKey: Guid(31bed66ce251b3c458ebcf388322d109) Importer(815301076,1909f56bfc062723c751e8b465ee728b)
Start importing Assets/Scenes/Menu.unity using Guid(31bed66ce251b3c458ebcf388322d109) Importer(815301076,1909f56bfc062723c751e8b465ee728b)  -> (artifact id: '05d454e6644e21c99d7193b4c034672c') in 0.009658 seconds
  Import took 0.013637 seconds .

========================================================================
Received Prepare
Registering precompiled user dll's ...
Registered in 0.000512 seconds.
Begin MonoManager ReloadAssembly
Native extension for WindowsStandalone target not found
Refreshing native plugins compatible for Editor in 0.33 ms, found 0 plugins.
Preloading 0 native plugins for Editor in 0.00 ms.
Invoked RoslynAnalysisRunner static constructor.
RoslynAnalysisRunner will not be running.
RoslynAnalysisRunner has terminated.
Mono: successfully reloaded assembly
- Completed reload, in  0.705 seconds
Platform modules already initialized, skipping
Refreshing native plugins compatible for Editor in 0.28 ms, found 0 plugins.
Preloading 0 native plugins for Editor in 0.00 ms.
Unloading 1187 Unused Serialized files (Serialized files now loaded: 0)
System memory in use before: 62.7 MB.
System memory in use after: 62.8 MB.

Unloading 4 unused Assets to reduce memory usage. Loaded Objects now: 1691.
Total: 2.256400 ms (FindLiveObjects: 0.470900 ms CreateObjectMapping: 0.092100 ms MarkObjects: 1.668900 ms  DeleteObjects: 0.022300 ms)

========================================================================
Received Prepare
Registering precompiled user dll's ...
Registered in 0.000835 seconds.
Begin MonoManager ReloadAssembly
Native extension for WindowsStandalone target not found
Refreshing native plugins compatible for Editor in 0.35 ms, found 0 plugins.
Preloading 0 native plugins for Editor in 0.00 ms.
Invoked RoslynAnalysisRunner static constructor.
RoslynAnalysisRunner will not be running.
RoslynAnalysisRunner has terminated.
Mono: successfully reloaded assembly
- Completed reload, in  1.070 seconds
Platform modules already initialized, skipping
Refreshing native plugins compatible for Editor in 0.40 ms, found 0 plugins.
Preloading 0 native plugins for Editor in 0.00 ms.
Unloading 1187 Unused Serialized files (Serialized files now loaded: 0)
System memory in use before: 62.7 MB.
System memory in use after: 62.8 MB.

Unloading 4 unused Assets to reduce memory usage. Loaded Objects now: 1694.
Total: 3.267300 ms (FindLiveObjects: 0.403200 ms CreateObjectMapping: 0.041500 ms MarkObjects: 2.799100 ms  DeleteObjects: 0.020300 ms)

========================================================================
Received Import Request.
  Time since last request: 43.915510 seconds.
  path: Assets/Scenes/AIvsAI.unity
  artifactKey: Guid(34d48a514c226dd4185f2cf0a5fcd80a) Importer(815301076,1909f56bfc062723c751e8b465ee728b)
Start importing Assets/Scenes/AIvsAI.unity using Guid(34d48a514c226dd4185f2cf0a5fcd80a) Importer(815301076,1909f56bfc062723c751e8b465ee728b)  -> (artifact id: '9d0a16abe024bcfcae392b721cf428ca') in 0.033065 seconds
  Import took 0.037638 seconds .

========================================================================
Received Prepare
Registering precompiled user dll's ...
Registered in 0.001663 seconds.
Begin MonoManager ReloadAssembly
Native extension for WindowsStandalone target not found
Refreshing native plugins compatible for Editor in 0.21 ms, found 0 plugins.
Preloading 0 native plugins for Editor in 0.00 ms.
Invoked RoslynAnalysisRunner static constructor.
RoslynAnalysisRunner will not be running.
RoslynAnalysisRunner has terminated.
Mono: successfully reloaded assembly
- Completed reload, in  1.044 seconds
Platform modules already initialized, skipping
Refreshing native plugins compatible for Editor in 0.31 ms, found 0 plugins.
Preloading 0 native plugins for Editor in 0.00 ms.
Unloading 1187 Unused Serialized files (Serialized files now loaded: 0)
System memory in use before: 62.7 MB.
System memory in use after: 62.8 MB.

Unloading 4 unused Assets to reduce memory usage. Loaded Objects now: 1697.
Total: 2.037200 ms (FindLiveObjects: 0.282700 ms CreateObjectMapping: 0.062600 ms MarkObjects: 1.669900 ms  DeleteObjects: 0.019800 ms)

========================================================================
Received Import Request.
  Time since last request: 46.212377 seconds.
  path: Assets/Scenes/HumanVsHuman.unity
  artifactKey: Guid(6da54b271b1d3be46a85e982e1183e50) Importer(815301076,1909f56bfc062723c751e8b465ee728b)
Start importing Assets/Scenes/HumanVsHuman.unity using Guid(6da54b271b1d3be46a85e982e1183e50) Importer(815301076,1909f56bfc062723c751e8b465ee728b)  -> (artifact id: 'e5cb669a73f9ab7b4be871f26beefe0f') in 0.015440 seconds
  Import took 0.018682 seconds .

========================================================================
Received Prepare
Registering precompiled user dll's ...
Registered in 0.000991 seconds.
Begin MonoManager ReloadAssembly
Native extension for WindowsStandalone target not found
Refreshing native plugins compatible for Editor in 0.22 ms, found 0 plugins.
Preloading 0 native plugins for Editor in 0.00 ms.
Invoked RoslynAnalysisRunner static constructor.
RoslynAnalysisRunner will not be running.
RoslynAnalysisRunner has terminated.
Mono: successfully reloaded assembly
- Completed reload, in  0.757 seconds
Platform modules already initialized, skipping
Refreshing native plugins compatible for Editor in 1.53 ms, found 0 plugins.
Preloading 0 native plugins for Editor in 0.00 ms.
Unloading 1187 Unused Serialized files (Serialized files now loaded: 0)
System memory in use before: 62.7 MB.
System memory in use after: 62.8 MB.

Unloading 4 unused Assets to reduce memory usage. Loaded Objects now: 1700.
Total: 2.400800 ms (FindLiveObjects: 0.585800 ms CreateObjectMapping: 0.047000 ms MarkObjects: 1.747000 ms  DeleteObjects: 0.017900 ms)

========================================================================
Received Prepare
Registering precompiled user dll's ...
Registered in 0.000690 seconds.
Begin MonoManager ReloadAssembly
Native extension for WindowsStandalone target not found
Refreshing native plugins compatible for Editor in 0.22 ms, found 0 plugins.
Preloading 0 native plugins for Editor in 0.00 ms.
Invoked RoslynAnalysisRunner static constructor.
RoslynAnalysisRunner will not be running.
RoslynAnalysisRunner has terminated.
Mono: successfully reloaded assembly
- Completed reload, in  0.691 seconds
Platform modules already initialized, skipping
Refreshing native plugins compatible for Editor in 0.23 ms, found 0 plugins.
Preloading 0 native plugins for Editor in 0.00 ms.
Unloading 1187 Unused Serialized files (Serialized files now loaded: 0)
System memory in use before: 62.7 MB.
System memory in use after: 62.8 MB.

Unloading 4 unused Assets to reduce memory usage. Loaded Objects now: 1703.
Total: 2.325800 ms (FindLiveObjects: 0.340700 ms CreateObjectMapping: 0.095100 ms MarkObjects: 1.869200 ms  DeleteObjects: 0.019000 ms)

AssetImportWorkerClient::OnTransportError - code=2 error=End of file
